{"defaultnode":"http://127.0.0.1:9545","account":"9","HOST":"127.0.0.1","port":"9545","dev":true,"gas":3700000,"confirmation":12,"disable-deterministic-oar":false,"loglevel":"info","non-interactive":false,"enable-stats":false,"no-hints":false,"gasprice":20000000000,"logFilePath":"./bridge.log","confirmations":12,"skipQueries":true,"defaultGas":3700000,"level":"debug","message":"parsed options","timestamp":"2019-09-01T17:04:51.499Z"}
{"level":"warn","message":"--dev mode active, contract myid checks and pending queries are skipped, use this only when testing, not in production","timestamp":"2019-09-01T17:04:51.501Z"}
{"level":"info","message":"you are running ethereum-bridge - version: 0.6.2","timestamp":"2019-09-01T17:04:51.502Z"}
{"level":"info","message":"saving logs to: ./bridge.log","timestamp":"2019-09-01T17:04:51.502Z"}
{"level":"info","message":"using active mode","timestamp":"2019-09-01T17:04:51.503Z"}
{"level":"info","message":"Connecting to eth node http://127.0.0.1:9545","timestamp":"2019-09-01T17:04:51.503Z"}
{"level":"debug","message":"check bridge version body result","timestamp":"2019-09-01T17:04:57.198Z"}
{"level":"info","message":"connected to node type EthereumJS TestRPC/v2.5.1/ethereum-js","timestamp":"2019-09-01T17:04:57.516Z"}
{"level":"warn","message":"Using 0xa04073ecba0c4d2a42ac00b25a0afa1ea1d8f34f to query contracts on your blockchain, make sure it is unlocked and do not use the same address to deploy your contracts","timestamp":"2019-09-01T17:04:57.516Z"}
{"level":"info","message":"deploying the oraclize connector contract...","timestamp":"2019-09-01T17:04:57.619Z"}
{"level":"info","message":"connector deployed to: 0xcbd41497789f9ca18c247e19e75be48fac203f9e","timestamp":"2019-09-01T17:05:08.040Z"}
{"success":true,"connector":"0xcbd41497789f9ca18c247e19e75be48fac203f9e","level":"debug","message":"connector deployment result","timestamp":"2019-09-01T17:05:08.040Z"}
{"level":"warn","message":"deterministic OAR disabled/not available, please update your contract with the new custom address generated","timestamp":"2019-09-01T17:05:08.195Z"}
{"level":"info","message":"deploying the address resolver contract...","timestamp":"2019-09-01T17:05:08.195Z"}
{"level":"info","message":"address resolver (OAR) deployed to: 0x4d43856ef36f8dd89e2a98f93b6f451c9be11c55","timestamp":"2019-09-01T17:05:18.731Z"}
{"success":true,"oar":"0x4d43856ef36f8dd89e2a98f93b6f451c9be11c55","level":"debug","message":"OAR deployment result","timestamp":"2019-09-01T17:05:18.731Z"}
{"level":"warn","message":"skipping pricing update...","timestamp":"2019-09-01T17:05:18.732Z"}
{"level":"info","message":"successfully deployed all contracts","timestamp":"2019-09-01T17:05:18.732Z"}
{"level":"debug","message":"pricing update result","timestamp":"2019-09-01T17:05:18.732Z"}
{"context_name":"eth_8ADF3BFDD6","latest_block_number":-1,"oar":"0x4d43856ef36f8dd89e2a98f93b6f451c9be11c55","node":{"main":"http://127.0.0.1:9545","backup":[]},"contracts":{"connector":{"binary":"/usr/local/lib/node_modules/ethereum-bridge/contracts/binary/oraclizeConnector.binary","abi":"/usr/local/lib/node_modules/ethereum-bridge/contracts/abi/oraclizeConnector.json","source":"/usr/local/lib/node_modules/ethereum-bridge/contracts/ethereum-api/connectors/oraclizeConnector.sol"},"oar":{"binary":"/usr/local/lib/node_modules/ethereum-bridge/contracts/binary/addressResolver.binary","abi":"/usr/local/lib/node_modules/ethereum-bridge/contracts/abi/addressResolver.json","source":"/usr/local/lib/node_modules/ethereum-bridge/contracts/ethereum-api/connectors/addressResolver.sol"}},"deterministic_oar":true,"deploy_gas":3700000,"account":"0xa04073ecba0c4d2a42ac00b25a0afa1ea1d8f34f","mode":"active","key_file":"/usr/local/lib/node_modules/ethereum-bridge/config/instance/keys.json","gas_price":20000000000,"connector":"0xcbd41497789f9ca18c247e19e75be48fac203f9e","level":"debug","message":"new oracle inline configuration","timestamp":"2019-09-01T17:05:18.732Z"}
{"level":"info","message":"instance configuration file saved to /usr/local/lib/node_modules/ethereum-bridge/config/instance/oracle_instance_20190901T223518.json","timestamp":"2019-09-01T17:05:18.738Z"}
{"level":"debug","message":"starting the bridge log manager...","timestamp":"2019-09-01T17:05:18.741Z"}
{"level":"debug","message":"latest block seen (config file) -1","timestamp":"2019-09-01T17:05:18.742Z"}
{"level":"warn","message":"re-org block listen is disabled","timestamp":"2019-09-01T17:05:18.748Z"}
{"level":"info","message":"Listening @ 0xcbd41497789f9ca18c247e19e75be48fac203f9e (Oraclize Connector)\n","timestamp":"2019-09-01T17:05:18.748Z"}
{"defaultnode":"http://localhost:9545","HOST":"localhost:9545","account":"1","gas":3700000,"confirmation":12,"disable-deterministic-oar":false,"loglevel":"info","non-interactive":false,"enable-stats":false,"no-hints":false,"gasprice":20000000000,"logFilePath":"./bridge.log","confirmations":12,"defaultGas":3700000,"level":"debug","message":"parsed options","timestamp":"2019-09-01T17:08:14.356Z"}
{"level":"info","message":"you are running ethereum-bridge - version: 0.6.2","timestamp":"2019-09-01T17:08:14.359Z"}
{"level":"info","message":"saving logs to: ./bridge.log","timestamp":"2019-09-01T17:08:14.359Z"}
{"level":"info","message":"using active mode","timestamp":"2019-09-01T17:08:14.360Z"}
{"level":"info","message":"Connecting to eth node http://localhost:9545","timestamp":"2019-09-01T17:08:14.360Z"}
{"result":{"datasources":{"random":{"sessionPubKeysHash":["0xd937716ea46c0fb8f804f392eb5e00c2667262d1842017eae4f2202943ec1782"]}},"timestamp":1567357403,"deployments":{"ethereum":{"public-kovan":{"addressResolver":"0xB7A07BcF2Ba2f2703b24C0691b5278999C59AC7e"},"public-mainnet":{"addressResolver":"0x1d3B2638a7cC9f2CB3D298A3DA7a90B67E5506ed"},"public-ropsten3":{"addressResolver":"0xc03A2615D5efaf5F49F60B7BB6583eaec212fdf1"},"public-rinkeby":{"addressResolver":"0x146500cfd35B22E4A392Fe0aDc06De1a1368Ed48"}}},"quotes":{"ETH":0.00000589,"USD":0.001,"BTC":1e-7,"EUR":0.0009104},"pricing":{"proofs":{"0":{"units":0,"description":"None"},"16":{"units":40,"description":"TLSNotary"},"32":{"units":40,"description":"Android-Legacy-Version"},"48":{"units":0,"description":"Ledger"},"64":{"units":40,"description":"Android"}},"datasources":[{"units":10,"byte_alias":"0xfb","proof_types":[0],"name":"IPFS"},{"units":10,"byte_alias":"0xf8","proof_types":[0],"name":"swarm"},{"units":10,"byte_alias":"0xff","proof_types":[0,16,32,64],"name":"URL"},{"units":10,"byte_alias":"0xf9","proof_types":[0],"name":"Blockchain"},{"units":10,"byte_alias":"0xfa","proof_types":[0,16,32,64],"name":"nested"},{"units":30,"byte_alias":"0xfc","proof_types":[0],"name":"WolframAlpha"},{"units":500,"byte_alias":"0xfd","proof_types":[0,16,32,64],"name":"computation"},{"units":50,"byte_alias":"0xfe","proof_types":[0,48],"name":"random"}]},"distributions":{"rootstock-bridge":{"motd":"","latest":{"version":"0.5.4"}},"eris-bridge":{"motd":"","latest":{"version":"0.1.0"}},"blockapps-bridge":{"motd":"","latest":{"version":"0.5.4"}},"ethereum-bridge":{"motd":"","latest":{"version":"0.5.4"}}}},"success":true,"level":"debug","message":"check bridge version body result","timestamp":"2019-09-01T17:08:16.703Z"}
{"level":"info","message":"connected to node type EthereumJS TestRPC/v2.5.1/ethereum-js","timestamp":"2019-09-01T17:08:17.097Z"}
{"level":"warn","message":"Using 0x84d131dafe726b2ef48c4270718fa4ac16ea1af4 to query contracts on your blockchain, make sure it is unlocked and do not use the same address to deploy your contracts","timestamp":"2019-09-01T17:08:17.512Z"}
{"level":"info","message":"deploying the oraclize connector contract...","timestamp":"2019-09-01T17:08:17.625Z"}
{"level":"info","message":"connector deployed to: 0xe994f55493acd4b560433aa78a6a459905ce24b1","timestamp":"2019-09-01T17:08:27.991Z"}
{"success":true,"connector":"0xe994f55493acd4b560433aa78a6a459905ce24b1","level":"debug","message":"connector deployment result","timestamp":"2019-09-01T17:08:27.991Z"}
{"level":"warn","message":"deterministic OAR disabled/not available, please update your contract with the new custom address generated","timestamp":"2019-09-01T17:08:28.107Z"}
{"level":"info","message":"deploying the address resolver contract...","timestamp":"2019-09-01T17:08:28.107Z"}
{"level":"info","message":"address resolver (OAR) deployed to: 0x00b39c9a7ef4710e8bad680640a290120f00f68c","timestamp":"2019-09-01T17:08:38.527Z"}
{"success":true,"oar":"0x00b39c9a7ef4710e8bad680640a290120f00f68c","level":"debug","message":"OAR deployment result","timestamp":"2019-09-01T17:08:38.527Z"}
{"level":"info","message":"updating connector pricing...","timestamp":"2019-09-01T17:08:38.527Z"}
{"level":"info","message":"successfully deployed all contracts","timestamp":"2019-09-01T17:08:49.198Z"}
{"success":true,"level":"debug","message":"pricing update result","timestamp":"2019-09-01T17:08:49.198Z"}
{"context_name":"eth_504103AC41","latest_block_number":-1,"oar":"0x00b39c9a7ef4710e8bad680640a290120f00f68c","node":{"main":"http://localhost:9545","backup":[]},"contracts":{"connector":{"binary":"/usr/local/lib/node_modules/ethereum-bridge/contracts/binary/oraclizeConnector.binary","abi":"/usr/local/lib/node_modules/ethereum-bridge/contracts/abi/oraclizeConnector.json","source":"/usr/local/lib/node_modules/ethereum-bridge/contracts/ethereum-api/connectors/oraclizeConnector.sol"},"oar":{"binary":"/usr/local/lib/node_modules/ethereum-bridge/contracts/binary/addressResolver.binary","abi":"/usr/local/lib/node_modules/ethereum-bridge/contracts/abi/addressResolver.json","source":"/usr/local/lib/node_modules/ethereum-bridge/contracts/ethereum-api/connectors/addressResolver.sol"}},"deterministic_oar":true,"deploy_gas":3700000,"account":"0x84d131dafe726b2ef48c4270718fa4ac16ea1af4","mode":"active","key_file":"/usr/local/lib/node_modules/ethereum-bridge/config/instance/keys.json","gas_price":20000000000,"onchain_config":{"pricing":[{"name":"IPFS","proof":0,"units":10},{"name":"IPFS","proof":1,"units":10},{"name":"swarm","proof":0,"units":10},{"name":"swarm","proof":1,"units":10},{"name":"URL","proof":0,"units":10},{"name":"URL","proof":1,"units":10},{"name":"URL","proof":16,"units":50},{"name":"URL","proof":17,"units":50},{"name":"URL","proof":32,"units":50},{"name":"URL","proof":33,"units":50},{"name":"URL","proof":64,"units":50},{"name":"URL","proof":65,"units":50},{"name":"Blockchain","proof":0,"units":10},{"name":"Blockchain","proof":1,"units":10},{"name":"nested","proof":0,"units":10},{"name":"nested","proof":1,"units":10},{"name":"nested","proof":16,"units":50},{"name":"nested","proof":17,"units":50},{"name":"nested","proof":32,"units":50},{"name":"nested","proof":33,"units":50},{"name":"nested","proof":64,"units":50},{"name":"nested","proof":65,"units":50},{"name":"WolframAlpha","proof":0,"units":30},{"name":"WolframAlpha","proof":1,"units":30},{"name":"computation","proof":0,"units":500},{"name":"computation","proof":1,"units":500},{"name":"computation","proof":16,"units":540},{"name":"computation","proof":17,"units":540},{"name":"computation","proof":32,"units":540},{"name":"computation","proof":33,"units":540},{"name":"computation","proof":64,"units":540},{"name":"computation","proof":65,"units":540},{"name":"random","proof":0,"units":50},{"name":"random","proof":1,"units":50},{"name":"random","proof":48,"units":50},{"name":"random","proof":49,"units":50}],"base_price":0.00000589},"connector":"0xe994f55493acd4b560433aa78a6a459905ce24b1","level":"debug","message":"new oracle inline configuration","timestamp":"2019-09-01T17:08:49.198Z"}
{"level":"info","message":"instance configuration file saved to /usr/local/lib/node_modules/ethereum-bridge/config/instance/oracle_instance_20190901T223849.json","timestamp":"2019-09-01T17:08:49.205Z"}
{"level":"debug","message":"starting the bridge log manager...","timestamp":"2019-09-01T17:08:49.209Z"}
{"level":"debug","message":"latest block seen (config file) -1","timestamp":"2019-09-01T17:08:49.212Z"}
{"level":"warn","message":"re-org block listen is disabled while using TestRPC","timestamp":"2019-09-01T17:08:49.216Z"}
{"level":"warn","message":"if you are running a test suit with Truffle and TestRPC or your chain is reset often please use the --dev mode","timestamp":"2019-09-01T17:08:49.216Z"}
{"level":"info","message":"Listening @ 0xe994f55493acd4b560433aa78a6a459905ce24b1 (Oraclize Connector)\n","timestamp":"2019-09-01T17:08:49.216Z"}
